<?xml version="1.0" encoding="UTF-8"?>
<robot generator="Robot 6.1.1 (Python 3.11.3 on darwin)" generated="20231127 11:48:20.561" rpa="false" schemaversion="4">
<suite id="s1" name="TC1 POM" source="/Users/manishadhondge/PycharmProjects/test_robot/Ebay/TestSuite/POM/TC1_POM.robot">
<test id="s1-t1" name="TC1: Basic serach with POM" line="11">
<kw name="Start browser" library="CommonFunctionality">
<kw name="Open Browser" library="SeleniumLibrary">
<arg>https://www.ebay.com/</arg>
<arg>chrome</arg>
<doc>Opens a new browser instance to the optional ``url``.</doc>
<msg timestamp="20231127 11:48:20.647" level="INFO">Opening browser 'chrome' to base url 'https://www.ebay.com/'.</msg>
<status status="PASS" starttime="20231127 11:48:20.647" endtime="20231127 11:48:35.241"/>
</kw>
<kw name="Maximize Browser Window" library="SeleniumLibrary">
<doc>Maximizes current browser window.</doc>
<status status="PASS" starttime="20231127 11:48:35.241" endtime="20231127 11:48:36.782"/>
</kw>
<status status="PASS" starttime="20231127 11:48:20.646" endtime="20231127 11:48:36.782"/>
</kw>
<kw name="Basic Search" library="HeaderPage">
<kw name="Input Text" library="SeleniumLibrary">
<arg>id:gh-ac</arg>
<arg>Car</arg>
<doc>Types the given ``text`` into the text field identified by ``locator``.</doc>
<msg timestamp="20231127 11:48:36.784" level="INFO">Typing text 'Car' into text field 'id:gh-ac'.</msg>
<status status="PASS" starttime="20231127 11:48:36.783" endtime="20231127 11:48:55.945"/>
</kw>
<kw name="Click Button" library="SeleniumLibrary">
<arg>id:gh-btn</arg>
<doc>Clicks the button identified by ``locator``.</doc>
<msg timestamp="20231127 11:48:55.946" level="INFO">Clicking button 'id:gh-btn'.</msg>
<status status="PASS" starttime="20231127 11:48:55.945" endtime="20231127 11:49:13.583"/>
</kw>
<status status="PASS" starttime="20231127 11:48:36.783" endtime="20231127 11:49:13.583"/>
</kw>
<kw name="SerachResult" library="SearchResultPage">
<kw name="Page Should Contain" library="SeleniumLibrary">
<arg>Car</arg>
<doc>Verifies that current page contains ``text``.</doc>
<msg timestamp="20231127 11:49:16.369" level="INFO">Current page contains text 'Car'.</msg>
<status status="PASS" starttime="20231127 11:49:13.584" endtime="20231127 11:49:16.369"/>
</kw>
<kw name="Sleep" library="BuiltIn">
<arg>5s</arg>
<doc>Pauses the test executed for the given time.</doc>
<msg timestamp="20231127 11:49:21.371" level="INFO">Slept 5 seconds</msg>
<status status="PASS" starttime="20231127 11:49:16.369" endtime="20231127 11:49:21.371"/>
</kw>
<status status="PASS" starttime="20231127 11:49:13.583" endtime="20231127 11:49:21.371"/>
</kw>
<kw name="Stop Browser" library="CommonFunctionality">
<kw name="Close Browser" library="SeleniumLibrary">
<doc>Closes the current browser.</doc>
<status status="PASS" starttime="20231127 11:49:21.372" endtime="20231127 11:49:21.487"/>
</kw>
<status status="PASS" starttime="20231127 11:49:21.372" endtime="20231127 11:49:21.487"/>
</kw>
<status status="PASS" starttime="20231127 11:48:20.646" endtime="20231127 11:49:21.487"/>
</test>
<status status="PASS" starttime="20231127 11:48:20.562" endtime="20231127 11:49:21.490"/>
</suite>
<statistics>
<total>
<stat pass="1" fail="0" skip="0">All Tests</stat>
</total>
<tag>
</tag>
<suite>
<stat pass="1" fail="0" skip="0" id="s1" name="TC1 POM">TC1 POM</stat>
</suite>
</statistics>
<errors>
</errors>
</robot>
