<?xml version="1.0" encoding="UTF-8"?>
<robot generator="Robot 6.0.2 (Python 3.11.3 on darwin)" generated="20231030 14:26:22.425" rpa="false" schemaversion="3">
<suite id="s1" name="Basic Case" source="/Users/manishadhondge/PycharmProjects/test_robot/Ebay/TestSuite/BasicTestCases/basic_case.robot">
<test id="s1-t1" name="TC1: Userdefiend keywords in resources file" line="9">
<kw name="Start browser" library="CommonFunctionality" type="SETUP">
<kw name="Open Browser" library="SeleniumLibrary">
<arg>https://www.ebay.com/</arg>
<arg>Chrome</arg>
<doc>Opens a new browser instance to the optional ``url``.</doc>
<msg timestamp="20231030 14:26:22.505" level="INFO">Opening browser 'Chrome' to base url 'https://www.ebay.com/'.</msg>
<status status="PASS" starttime="20231030 14:26:22.504" endtime="20231030 14:26:25.635"/>
</kw>
<status status="PASS" starttime="20231030 14:26:22.504" endtime="20231030 14:26:25.636"/>
</kw>
<kw name="Search text" library="UserDefinedKeywords">
<kw name="Input Text" library="SeleniumLibrary">
<arg>id:gh-ac</arg>
<arg>Mobile</arg>
<doc>Types the given ``text`` into the text field identified by ``locator``.</doc>
<msg timestamp="20231030 14:26:25.637" level="INFO">Typing text 'Mobile' into text field 'id:gh-ac'.</msg>
<status status="PASS" starttime="20231030 14:26:25.636" endtime="20231030 14:26:25.771"/>
</kw>
<kw name="Click Button" library="SeleniumLibrary">
<arg>id:gh-btn</arg>
<doc>Clicks the button identified by ``locator``.</doc>
<msg timestamp="20231030 14:26:25.771" level="INFO">Clicking button 'id:gh-btn'.</msg>
<status status="PASS" starttime="20231030 14:26:25.771" endtime="20231030 14:26:27.561"/>
</kw>
<kw name="Page Should Contain" library="SeleniumLibrary">
<arg>mobile</arg>
<doc>Verifies that current page contains ``text``.</doc>
<msg timestamp="20231030 14:26:27.638" level="INFO">Current page contains text 'mobile'.</msg>
<status status="PASS" starttime="20231030 14:26:27.561" endtime="20231030 14:26:27.638"/>
</kw>
<kw name="Sleep" library="BuiltIn">
<arg>5s</arg>
<doc>Pauses the test executed for the given time.</doc>
<msg timestamp="20231030 14:26:32.640" level="INFO">Slept 5 seconds</msg>
<status status="PASS" starttime="20231030 14:26:27.638" endtime="20231030 14:26:32.641"/>
</kw>
<status status="PASS" starttime="20231030 14:26:25.636" endtime="20231030 14:26:32.641"/>
</kw>
<kw name="Stop browser" library="CommonFunctionality" type="TEARDOWN">
<kw name="Close Browser" library="SeleniumLibrary">
<doc>Closes the current browser.</doc>
<status status="PASS" starttime="20231030 14:26:32.643" endtime="20231030 14:26:32.737"/>
</kw>
<status status="PASS" starttime="20231030 14:26:32.642" endtime="20231030 14:26:32.737"/>
</kw>
<status status="PASS" starttime="20231030 14:26:22.504" endtime="20231030 14:26:32.737"/>
</test>
<status status="PASS" starttime="20231030 14:26:22.425" endtime="20231030 14:26:32.737"/>
</suite>
<statistics>
<total>
<stat pass="1" fail="0" skip="0">All Tests</stat>
</total>
<tag>
</tag>
<suite>
<stat pass="1" fail="0" skip="0" id="s1" name="Basic Case">Basic Case</stat>
</suite>
</statistics>
<errors>
</errors>
</robot>
