<?xml version="1.0" encoding="UTF-8"?>
<robot generator="Robot 6.1.1 (Python 3.11.3 on darwin)" generated="20231212 16:30:56.411" rpa="false" schemaversion="4">
<suite id="s1" name="TC3 DictionaryV" source="/Users/manishadhondge/PycharmProjects/test_robot/Ebay/TestSuite/Variables/TC3_DictionaryV.robot">
<test id="s1-t1" name="TC1-basic search using list variable" line="9">
<kw name="Start browser" library="CommonFunctionality">
<kw name="Open Browser" library="SeleniumLibrary">
<arg>https://www.ebay.com/</arg>
<arg>chrome</arg>
<doc>Opens a new browser instance to the optional ``url``.</doc>
<msg timestamp="20231212 16:30:56.494" level="INFO">Opening browser 'chrome' to base url 'https://www.ebay.com/'.</msg>
<status status="PASS" starttime="20231212 16:30:56.493" endtime="20231212 16:30:59.634"/>
</kw>
<kw name="Maximize Browser Window" library="SeleniumLibrary">
<doc>Maximizes current browser window.</doc>
<status status="PASS" starttime="20231212 16:30:59.635" endtime="20231212 16:31:00.322"/>
</kw>
<status status="PASS" starttime="20231212 16:30:56.493" endtime="20231212 16:31:00.323"/>
</kw>
<kw name="BasicSearchDictionaryVariable" library="HeaderPage1">
<kw name="Input Text" library="SeleniumLibrary">
<arg>id:gh-ac</arg>
<arg>${Dictionary_SearchText.SearchText2}</arg>
<doc>Types the given ``text`` into the text field identified by ``locator``.</doc>
<msg timestamp="20231212 16:31:00.324" level="INFO">Typing text 'Handbags' into text field 'id:gh-ac'.</msg>
<status status="PASS" starttime="20231212 16:31:00.323" endtime="20231212 16:31:00.453"/>
</kw>
<kw name="Click Button" library="SeleniumLibrary">
<arg>id:gh-btn</arg>
<doc>Clicks the button identified by ``locator``.</doc>
<msg timestamp="20231212 16:31:00.453" level="INFO">Clicking button 'id:gh-btn'.</msg>
<status status="PASS" starttime="20231212 16:31:00.453" endtime="20231212 16:31:02.786"/>
</kw>
<status status="PASS" starttime="20231212 16:31:00.323" endtime="20231212 16:31:02.786"/>
</kw>
<kw name="Sleep" library="BuiltIn">
<arg>3sec</arg>
<doc>Pauses the test executed for the given time.</doc>
<msg timestamp="20231212 16:31:05.788" level="INFO">Slept 3 seconds</msg>
<status status="PASS" starttime="20231212 16:31:02.786" endtime="20231212 16:31:05.789"/>
</kw>
<kw name="Stop Browser" library="CommonFunctionality">
<kw name="Close Browser" library="SeleniumLibrary">
<doc>Closes the current browser.</doc>
<status status="PASS" starttime="20231212 16:31:05.790" endtime="20231212 16:31:05.876"/>
</kw>
<status status="PASS" starttime="20231212 16:31:05.789" endtime="20231212 16:31:05.876"/>
</kw>
<status status="PASS" starttime="20231212 16:30:56.493" endtime="20231212 16:31:05.876"/>
</test>
<status status="PASS" starttime="20231212 16:30:56.412" endtime="20231212 16:31:05.876"/>
</suite>
<statistics>
<total>
<stat pass="1" fail="0" skip="0">All Tests</stat>
</total>
<tag>
</tag>
<suite>
<stat pass="1" fail="0" skip="0" id="s1" name="TC3 DictionaryV">TC3 DictionaryV</stat>
</suite>
</statistics>
<errors>
</errors>
</robot>
